<?xml version="1.0" encoding="UTF-8"?>
<!-- Generated by org.testng.reporters.JUnitReportReporter -->
<testsuite skipped="0" hostname="L1123.local" name="TestCaseForAddToCart" tests="2" failures="0" timestamp="2021-12-05T22:05:18 IST" time="27.554" errors="0">
  <testcase name="verifyEToEString" time="13.028" classname="TestCaseForAddToCart"/>
  <system-out>
Home page open successfully
 Opening Moisturize product list page
 Product List page open successfully
 Adding almond and aloe least price product
 Almond and aloe least price product added successfully
 Click on Cart button
 Card details page open successfully
 Click on Pay with card button
 Pop-up for entering card details appeared successfully
  entering card details
 Card details entering successfully
 Submitting card details
 Submitting card details successfully
 Confirmation page appear successfully
  </system-out>
  <testcase name="verifyEToEString" time="14.526" classname="TestCaseForAddToCart"/>
  <system-out>
Home page open successfully
 Opening Sunscreen product list page
 Product List page open successfully
 Adding Spf30 and Spf50 least price product
 Spf30 and Spf50 least price product added successfully
 Click on Cart button
 Card details page open successfully
 Click on Pay with card button
 Pop-up for entering card details appeared successfully
  entering card details
 Card details entering successfully
 Submitting card details
 Submitting card details successfully
 Confirmation page appear successfully
  </system-out>
</testsuite> <!-- TestCaseForAddToCart -->
